/*C2*/SET SCHEMA PUBLIC
INSERT INTO ORDEM VALUES(56,'2021-11-19','10:38:38','teste item vnd ok','ABERTA','ORDEM_SERVICO',189.00,18,22,15)
INSERT INTO ITEMORDEM VALUES(57,'45','CANECA PROGRAMADOR',1,100.00,'PRODUTO',100.00,56)
INSERT INTO ITEMORDEM VALUES(58,'8','SERVI\u00c7O DE AVALIA\u00c7\u00c3O E OR\u00c7AMENTO',1,25.00,'SERVICO',25.00,56)
INSERT INTO ITEMORDEM VALUES(59,'11','CARREGADOR',2,64.00,'PRODUTO',32.00,56)
DELETE FROM EQUIPAMENTO WHERE ID=22
INSERT INTO EQUIPAMENTO VALUES(22,'capinha de couro','-','BRANCO','Aparelho n\u00e3o liga','Estado de novo sem arranh\u00f5es, sem detalhes','1',TRUE,'','XAOMI','redmi 9s','Smartphone','120MB84H0093','','')
ALTER SEQUENCE PUBLIC.HIBERNATE_SEQUENCE RESTART WITH 60
COMMIT
INSERT INTO VENDA VALUES(60,'2021-11-19',0.00,'DINHEIRO','10:39:01','O.S Finalizada N\u00b0 56','admin',189.00,18)
INSERT INTO ITEMVENDA VALUES(61,45,'CANECA PROGRAMADOR',100.00,1,100.00,60)
INSERT INTO ITEMVENDA VALUES(62,8,'SERVI\u00c7O DE AVALIA\u00c7\u00c3O E OR\u00c7AMENTO',25.00,1,25.00,60)
INSERT INTO ITEMVENDA VALUES(63,11,'CARREGADOR',32.00,2,64.00,60)
ALTER SEQUENCE PUBLIC.HIBERNATE_SEQUENCE RESTART WITH 64
COMMIT
/*C1*/SET SCHEMA SYSTEM_LOBS
INSERT INTO LOB_IDS VALUES(7,6921,0,30)
ALTER SEQUENCE SYSTEM_LOBS.LOB_ID RESTART WITH 8
COMMIT
DELETE FROM BLOCKS WHERE BLOCK_ADDR=6
INSERT INTO BLOCKS VALUES(6,1,0)
INSERT INTO BLOCKS VALUES(7,2147483640,0)
DELETE FROM BLOCKS WHERE BLOCK_ADDR=6
INSERT INTO LOBS VALUES(6,1,0,7)
COMMIT
/*C2*/DELETE FROM PRODUTO WHERE CODIGO=45
INSERT INTO PRODUTO VALUES(45,0.0E0,'123','CINZA',20.00,'',7,NULL,0.0E0,'CANECA PROGRAMADOR',NULL,'TESTE','M','UND',100.00,100.00,46)
DELETE FROM ESTOQUE WHERE ID=46
INSERT INTO ESTOQUE VALUES(46,10,12,1)
SET SCHEMA SYSTEM_LOBS
DELETE FROM LOB_IDS WHERE LOB_ID=6
INSERT INTO LOB_IDS VALUES(6,6921,0,30)
DELETE FROM LOB_IDS WHERE LOB_ID=7
INSERT INTO LOB_IDS VALUES(7,6921,1,30)
COMMIT
/*C1*/INSERT INTO LOB_IDS VALUES(8,11570,0,30)
ALTER SEQUENCE SYSTEM_LOBS.LOB_ID RESTART WITH 9
COMMIT
DELETE FROM BLOCKS WHERE BLOCK_ADDR=7
INSERT INTO BLOCKS VALUES(7,1,0)
INSERT INTO BLOCKS VALUES(8,2147483639,0)
DELETE FROM BLOCKS WHERE BLOCK_ADDR=7
INSERT INTO LOBS VALUES(7,1,0,8)
COMMIT
/*C2*/SET SCHEMA PUBLIC
DELETE FROM PRODUTO WHERE CODIGO=11
INSERT INTO PRODUTO VALUES(11,220.0E0,'000012222000011','PRETO',10.00,'sem garantia',8,NULL,220.0E0,'CARREGADOR',NULL,'GENERICO','M','UND',32.00,29.00,12)
DELETE FROM ESTOQUE WHERE ID=12
INSERT INTO ESTOQUE VALUES(12,7,12,1)
SET SCHEMA SYSTEM_LOBS
DELETE FROM LOB_IDS WHERE LOB_ID=5
INSERT INTO LOB_IDS VALUES(5,11570,0,30)
DELETE FROM LOB_IDS WHERE LOB_ID=8
INSERT INTO LOB_IDS VALUES(8,11570,1,30)
COMMIT
SET SCHEMA PUBLIC
DELETE FROM ORDEM WHERE ID=56
INSERT INTO ORDEM VALUES(56,'2021-11-19','10:38:38','teste item vnd ok','FINALIZADA','ORDEM_SERVICO',189.00,18,22,15)
DELETE FROM EQUIPAMENTO WHERE ID=22
INSERT INTO EQUIPAMENTO VALUES(22,'capinha de couro','-','BRANCO','Aparelho n\u00e3o liga','Estado de novo sem arranh\u00f5es, sem detalhes','1',TRUE,'','XAOMI','redmi 9s','Smartphone','120MB84H0093','','')
DELETE FROM ITEMORDEM WHERE ID=57
INSERT INTO ITEMORDEM VALUES(57,'45','CANECA PROGRAMADOR',1,100.00,'PRODUTO',100.00,56)
DELETE FROM ITEMORDEM WHERE ID=58
INSERT INTO ITEMORDEM VALUES(58,'8','SERVI\u00c7O DE AVALIA\u00c7\u00c3O E OR\u00c7AMENTO',1,25.00,'SERVICO',25.00,56)
DELETE FROM ITEMORDEM WHERE ID=59
INSERT INTO ITEMORDEM VALUES(59,'11','CARREGADOR',2,64.00,'PRODUTO',32.00,56)
COMMIT
